<?xml version="1.0" encoding="UTF-8"?>
<!-- Generated by org.testng.reporters.JUnitXMLReporter -->
<testsuite ignored="1" hostname="QT-INHD-LT0395" failures="0" tests="2" name="Test" time="0.062" errors="0" timestamp="2022-11-23T17:45:25 IST">
  <testcase classname="TestNg.testcases" name="Username" time="0.008"/>
  <testcase classname="TestNg.testcases" name="Password" time="0.002"/>
  <testcase classname="TestNg.test" name="ClassDriver" time="0.0">
    <ignored/>
  </testcase> <!-- ClassDriver -->
</testsuite> <!-- Test -->
