<?xml version="1.0" encoding="UTF-8"?>
<testng-results ignored="0" total="16" passed="16" failed="0" skipped="0">
  <reporter-output>
  </reporter-output>
  <suite started-at="2022-11-25T00:27:22 IST" name="TestNg" finished-at="2022-11-25T00:27:54 IST" duration-ms="31373">
    <groups>
      <group name="Data">
        <method signature="testcases.Password()[pri:2, instance:TestNg.testcases@59fd97a8]" name="Password" class="TestNg.testcases"/>
        <method signature="testcases.Username()[pri:1, instance:TestNg.testcases@59fd97a8]" name="Username" class="TestNg.testcases"/>
        <method signature="testcases.Password()[pri:2, instance:TestNg.testcases@7e07db1f]" name="Password" class="TestNg.testcases"/>
        <method signature="testcases.Username()[pri:1, instance:TestNg.testcases@7e07db1f]" name="Username" class="TestNg.testcases"/>
      </group> <!-- Data -->
      <group name="Logintest">
        <method signature="testcases.Password()[pri:2, instance:TestNg.testcases@59fd97a8]" name="Password" class="TestNg.testcases"/>
        <method signature="testcases.Username()[pri:1, instance:TestNg.testcases@59fd97a8]" name="Username" class="TestNg.testcases"/>
        <method signature="testcases.login()[pri:0, instance:TestNg.testcases@59fd97a8]" name="login" class="TestNg.testcases"/>
        <method signature="testcases.Password()[pri:2, instance:TestNg.testcases@7e07db1f]" name="Password" class="TestNg.testcases"/>
        <method signature="testcases.Username()[pri:1, instance:TestNg.testcases@7e07db1f]" name="Username" class="TestNg.testcases"/>
        <method signature="testcases.login()[pri:0, instance:TestNg.testcases@7e07db1f]" name="login" class="TestNg.testcases"/>
      </group> <!-- Logintest -->
    </groups>
    <test started-at="2022-11-25T00:27:22 IST" name="Test1" finished-at="2022-11-25T00:27:54 IST" duration-ms="31359">
      <class name="TestNg.parallel_Browsers">
        <test-method is-config="true" signature="setup(java.lang.String)[pri:0, instance:TestNg.parallel_Browsers@1189dd52]" started-at="2022-11-25T00:27:22 IST" name="setup" finished-at="2022-11-25T00:27:28 IST" duration-ms="5668" status="PASS">
          <params>
            <param index="0">
              <value>
                <![CDATA[MicroSoft Edge]]>
              </value>
            </param>
          </params>
          <reporter-output>
          </reporter-output>
        </test-method> <!-- setup -->
        <test-method signature="Test1()[pri:0, instance:TestNg.parallel_Browsers@1189dd52]" started-at="2022-11-25T00:27:28 IST" name="Test1" finished-at="2022-11-25T00:27:35 IST" duration-ms="7221" status="PASS">
          <reporter-output>
          </reporter-output>
        </test-method> <!-- Test1 -->
      </class> <!-- TestNg.parallel_Browsers -->
      <class name="TestNg.testcases">
        <test-method signature="login()[pri:0, instance:TestNg.testcases@7e07db1f]" started-at="2022-11-25T00:27:35 IST" name="login" finished-at="2022-11-25T00:27:35 IST" duration-ms="2" status="PASS">
          <reporter-output>
          </reporter-output>
        </test-method> <!-- login -->
        <test-method is-config="true" signature="DBConnect()[pri:0, instance:TestNg.testcases@7e07db1f]" started-at="2022-11-25T00:27:35 IST" name="DBConnect" finished-at="2022-11-25T00:27:35 IST" duration-ms="0" status="PASS">
          <reporter-output>
          </reporter-output>
        </test-method> <!-- DBConnect -->
        <test-method is-config="true" signature="DB_DisConnect()[pri:0, instance:TestNg.testcases@7e07db1f]" started-at="2022-11-25T00:27:35 IST" name="DB_DisConnect" finished-at="2022-11-25T00:27:35 IST" duration-ms="0" status="PASS">
          <reporter-output>
          </reporter-output>
        </test-method> <!-- DB_DisConnect -->
        <test-method is-config="true" signature="DBConnect()[pri:0, instance:TestNg.testcases@7e07db1f]" started-at="2022-11-25T00:27:42 IST" name="DBConnect" finished-at="2022-11-25T00:27:42 IST" duration-ms="1" status="PASS">
          <reporter-output>
          </reporter-output>
        </test-method> <!-- DBConnect -->
        <test-method signature="Username()[pri:1, instance:TestNg.testcases@7e07db1f]" started-at="2022-11-25T00:27:42 IST" name="Username" finished-at="2022-11-25T00:27:42 IST" duration-ms="2" status="PASS">
          <reporter-output>
          </reporter-output>
        </test-method> <!-- Username -->
        <test-method is-config="true" signature="DB_DisConnect()[pri:0, instance:TestNg.testcases@7e07db1f]" started-at="2022-11-25T00:27:42 IST" name="DB_DisConnect" finished-at="2022-11-25T00:27:42 IST" duration-ms="1" status="PASS">
          <reporter-output>
          </reporter-output>
        </test-method> <!-- DB_DisConnect -->
        <test-method is-config="true" signature="DBConnect()[pri:0, instance:TestNg.testcases@7e07db1f]" started-at="2022-11-25T00:27:42 IST" name="DBConnect" finished-at="2022-11-25T00:27:42 IST" duration-ms="0" status="PASS">
          <reporter-output>
          </reporter-output>
        </test-method> <!-- DBConnect -->
        <test-method signature="Password()[pri:2, instance:TestNg.testcases@7e07db1f]" started-at="2022-11-25T00:27:42 IST" name="Password" finished-at="2022-11-25T00:27:42 IST" duration-ms="1" status="PASS">
          <reporter-output>
          </reporter-output>
        </test-method> <!-- Password -->
        <test-method is-config="true" signature="DB_DisConnect()[pri:0, instance:TestNg.testcases@7e07db1f]" started-at="2022-11-25T00:27:42 IST" name="DB_DisConnect" finished-at="2022-11-25T00:27:42 IST" duration-ms="1" status="PASS">
          <reporter-output>
          </reporter-output>
        </test-method> <!-- DB_DisConnect -->
        <test-method is-config="true" signature="LoginSuccess()[pri:0, instance:TestNg.testcases@7e07db1f]" started-at="2022-11-25T00:27:54 IST" name="LoginSuccess" finished-at="2022-11-25T00:27:54 IST" duration-ms="1" status="PASS">
          <reporter-output>
          </reporter-output>
        </test-method> <!-- LoginSuccess -->
      </class> <!-- TestNg.testcases -->
      <class name="TestNg.Test1">
        <test-method signature="Home_Ebay()[pri:1, instance:TestNg.Test1@36bc55de]" started-at="2022-11-25T00:27:35 IST" name="Home_Ebay" finished-at="2022-11-25T00:27:41 IST" duration-ms="6202" status="PASS">
          <reporter-output>
          </reporter-output>
        </test-method> <!-- Home_Ebay -->
        <test-method signature="Search()[pri:2, instance:TestNg.Test1@36bc55de]" started-at="2022-11-25T00:27:42 IST" name="Search" finished-at="2022-11-25T00:27:45 IST" duration-ms="3611" status="PASS">
          <reporter-output>
          </reporter-output>
        </test-method> <!-- Search -->
        <test-method signature="SelectItem()[pri:3, instance:TestNg.Test1@36bc55de]" started-at="2022-11-25T00:27:45 IST" name="SelectItem" finished-at="2022-11-25T00:27:46 IST" duration-ms="387" status="PASS">
          <reporter-output>
          </reporter-output>
        </test-method> <!-- SelectItem -->
        <test-method signature="ClickItem()[pri:4, instance:TestNg.Test1@36bc55de]" started-at="2022-11-25T00:27:46 IST" name="ClickItem" finished-at="2022-11-25T00:27:54 IST" duration-ms="8225" status="PASS">
          <reporter-output>
          </reporter-output>
        </test-method> <!-- ClickItem -->
      </class> <!-- TestNg.Test1 -->
    </test> <!-- Test1 -->
    <test started-at="2022-11-25T00:27:22 IST" name="Test" finished-at="2022-11-25T00:27:54 IST" duration-ms="31373">
      <class name="TestNg.parallel_Browsers">
        <test-method is-config="true" signature="setup(java.lang.String)[pri:0, instance:TestNg.parallel_Browsers@4d9e68d0]" started-at="2022-11-25T00:27:22 IST" name="setup" finished-at="2022-11-25T00:27:27 IST" duration-ms="4182" status="PASS">
          <params>
            <param index="0">
              <value>
                <![CDATA[Chrome]]>
              </value>
            </param>
          </params>
          <reporter-output>
          </reporter-output>
        </test-method> <!-- setup -->
        <test-method signature="Test1()[pri:0, instance:TestNg.parallel_Browsers@4d9e68d0]" started-at="2022-11-25T00:27:27 IST" name="Test1" finished-at="2022-11-25T00:27:34 IST" duration-ms="7160" status="PASS">
          <reporter-output>
          </reporter-output>
        </test-method> <!-- Test1 -->
      </class> <!-- TestNg.parallel_Browsers -->
      <class name="TestNg.testcases">
        <test-method is-config="true" signature="DBConnect()[pri:0, instance:TestNg.testcases@59fd97a8]" started-at="2022-11-25T00:27:34 IST" name="DBConnect" finished-at="2022-11-25T00:27:34 IST" duration-ms="0" status="PASS">
          <reporter-output>
          </reporter-output>
        </test-method> <!-- DBConnect -->
        <test-method signature="login()[pri:0, instance:TestNg.testcases@59fd97a8]" started-at="2022-11-25T00:27:34 IST" name="login" finished-at="2022-11-25T00:27:34 IST" duration-ms="1" status="PASS">
          <reporter-output>
          </reporter-output>
        </test-method> <!-- login -->
        <test-method is-config="true" signature="DB_DisConnect()[pri:0, instance:TestNg.testcases@59fd97a8]" started-at="2022-11-25T00:27:34 IST" name="DB_DisConnect" finished-at="2022-11-25T00:27:34 IST" duration-ms="1" status="PASS">
          <reporter-output>
          </reporter-output>
        </test-method> <!-- DB_DisConnect -->
        <test-method is-config="true" signature="DBConnect()[pri:0, instance:TestNg.testcases@59fd97a8]" started-at="2022-11-25T00:27:40 IST" name="DBConnect" finished-at="2022-11-25T00:27:40 IST" duration-ms="1" status="PASS">
          <reporter-output>
          </reporter-output>
        </test-method> <!-- DBConnect -->
        <test-method signature="Username()[pri:1, instance:TestNg.testcases@59fd97a8]" started-at="2022-11-25T00:27:40 IST" name="Username" finished-at="2022-11-25T00:27:40 IST" duration-ms="2" status="PASS">
          <reporter-output>
          </reporter-output>
        </test-method> <!-- Username -->
        <test-method is-config="true" signature="DB_DisConnect()[pri:0, instance:TestNg.testcases@59fd97a8]" started-at="2022-11-25T00:27:40 IST" name="DB_DisConnect" finished-at="2022-11-25T00:27:40 IST" duration-ms="0" status="PASS">
          <reporter-output>
          </reporter-output>
        </test-method> <!-- DB_DisConnect -->
        <test-method signature="Password()[pri:2, instance:TestNg.testcases@59fd97a8]" started-at="2022-11-25T00:27:40 IST" name="Password" finished-at="2022-11-25T00:27:40 IST" duration-ms="3" status="PASS">
          <reporter-output>
          </reporter-output>
        </test-method> <!-- Password -->
        <test-method is-config="true" signature="DBConnect()[pri:0, instance:TestNg.testcases@59fd97a8]" started-at="2022-11-25T00:27:40 IST" name="DBConnect" finished-at="2022-11-25T00:27:40 IST" duration-ms="0" status="PASS">
          <reporter-output>
          </reporter-output>
        </test-method> <!-- DBConnect -->
        <test-method is-config="true" signature="DB_DisConnect()[pri:0, instance:TestNg.testcases@59fd97a8]" started-at="2022-11-25T00:27:40 IST" name="DB_DisConnect" finished-at="2022-11-25T00:27:40 IST" duration-ms="1" status="PASS">
          <reporter-output>
          </reporter-output>
        </test-method> <!-- DB_DisConnect -->
        <test-method is-config="true" signature="LoginSuccess()[pri:0, instance:TestNg.testcases@59fd97a8]" started-at="2022-11-25T00:27:54 IST" name="LoginSuccess" finished-at="2022-11-25T00:27:54 IST" duration-ms="0" status="PASS">
          <reporter-output>
          </reporter-output>
        </test-method> <!-- LoginSuccess -->
      </class> <!-- TestNg.testcases -->
      <class name="TestNg.Test1">
        <test-method signature="Home_Ebay()[pri:1, instance:TestNg.Test1@42e99e4a]" started-at="2022-11-25T00:27:34 IST" name="Home_Ebay" finished-at="2022-11-25T00:27:40 IST" duration-ms="5833" status="PASS">
          <reporter-output>
          </reporter-output>
        </test-method> <!-- Home_Ebay -->
        <test-method signature="Search()[pri:2, instance:TestNg.Test1@42e99e4a]" started-at="2022-11-25T00:27:40 IST" name="Search" finished-at="2022-11-25T00:27:44 IST" duration-ms="4572" status="PASS">
          <reporter-output>
          </reporter-output>
        </test-method> <!-- Search -->
        <test-method signature="SelectItem()[pri:3, instance:TestNg.Test1@42e99e4a]" started-at="2022-11-25T00:27:44 IST" name="SelectItem" finished-at="2022-11-25T00:27:45 IST" duration-ms="427" status="PASS">
          <reporter-output>
          </reporter-output>
        </test-method> <!-- SelectItem -->
        <test-method signature="ClickItem()[pri:4, instance:TestNg.Test1@42e99e4a]" started-at="2022-11-25T00:27:45 IST" name="ClickItem" finished-at="2022-11-25T00:27:54 IST" duration-ms="9090" status="PASS">
          <reporter-output>
          </reporter-output>
        </test-method> <!-- ClickItem -->
      </class> <!-- TestNg.Test1 -->
    </test> <!-- Test -->
  </suite> <!-- TestNg -->
</testng-results>
