<?xml version="1.0" encoding="UTF-8"?>
<!-- Generated by org.testng.reporters.JUnitXMLReporter -->
<testsuite ignored="0" hostname="QT-INHD-LT0395" failures="0" tests="4" name="Default test" time="14.554" errors="0" timestamp="2022-11-24T11:26:02 IST">
  <testcase classname="TestNg.Test1" name="Home_Ebay" time="5.783"/>
  <testcase classname="TestNg.Test1" name="Search" time="2.274"/>
  <testcase classname="TestNg.Test1" name="SelectItem" time="0.264"/>
  <testcase classname="TestNg.Test1" name="ClickItem" time="6.172"/>
</testsuite> <!-- Default test -->
