<?xml version="1.0" encoding="UTF-8"?>
<!-- Generated by org.testng.reporters.JUnitXMLReporter -->
<testsuite ignored="0" hostname="QT-INHD-LT0395" failures="0" tests="8" name="Test" time="31.373" errors="0" timestamp="2022-11-25T00:27:54 IST">
  <testcase classname="TestNg.parallel_Browsers" name="Test1" time="7.16"/>
  <testcase classname="TestNg.testcases" name="login" time="0.001"/>
  <testcase classname="TestNg.Test1" name="Home_Ebay" time="5.833"/>
  <testcase classname="TestNg.testcases" name="Username" time="0.002"/>
  <testcase classname="TestNg.testcases" name="Password" time="0.003"/>
  <testcase classname="TestNg.Test1" name="Search" time="4.572"/>
  <testcase classname="TestNg.Test1" name="SelectItem" time="0.427"/>
  <testcase classname="TestNg.Test1" name="ClickItem" time="9.09"/>
</testsuite> <!-- Test -->
