<?xml version="1.0" encoding="UTF-8"?>
<!-- Generated by org.testng.reporters.JUnitXMLReporter -->
<testsuite ignored="0" hostname="QT-INHD-LT0395" failures="0" tests="9" name="Test" time="51.365" errors="0" timestamp="2022-11-24T10:53:43 IST">
  <testcase classname="TestNg.test" name="ClassDriver" time="24.298"/>
  <testcase classname="TestNg.parallel_Browsers" name="Test1" time="5.557"/>
  <testcase classname="TestNg.testcases" name="login" time="0.002"/>
  <testcase classname="TestNg.Test1" name="Home_Ebay" time="6.255"/>
  <testcase classname="TestNg.testcases" name="Username" time="0.004"/>
  <testcase classname="TestNg.testcases" name="Password" time="0.001"/>
  <testcase classname="TestNg.Test1" name="Search" time="2.744"/>
  <testcase classname="TestNg.Test1" name="SelectItem" time="0.199"/>
  <testcase classname="TestNg.Test1" name="ClickItem" time="5.032"/>
</testsuite> <!-- Test -->
