<?xml version="1.0" encoding="UTF-8"?>
<!-- Generated by org.testng.reporters.JUnitXMLReporter -->
<testsuite ignored="0" hostname="QT-INHD-LT0395" failures="0" tests="9" name="Test1" time="40.62" errors="0" timestamp="2022-11-24T10:53:32 IST">
  <testcase classname="TestNg.test" name="ClassDriver" time="8.607"/>
  <testcase classname="TestNg.parallel_Browsers" name="Test1" time="5.366"/>
  <testcase classname="TestNg.testcases" name="login" time="0.001"/>
  <testcase classname="TestNg.Test1" name="Home_Ebay" time="7.221"/>
  <testcase classname="TestNg.testcases" name="Username" time="0.001"/>
  <testcase classname="TestNg.testcases" name="Password" time="0.004"/>
  <testcase classname="TestNg.Test1" name="Search" time="4.154"/>
  <testcase classname="TestNg.Test1" name="SelectItem" time="0.549"/>
  <testcase classname="TestNg.Test1" name="ClickItem" time="6.172"/>
</testsuite> <!-- Test1 -->
