<?xml version="1.0" encoding="UTF-8"?>
<!-- Generated by org.testng.reporters.JUnitXMLReporter -->
<testsuite ignored="0" hostname="QT-INHD-LT0395" failures="0" tests="8" name="Test1" time="31.359" errors="0" timestamp="2022-11-25T00:27:54 IST">
  <testcase classname="TestNg.parallel_Browsers" name="Test1" time="7.221"/>
  <testcase classname="TestNg.testcases" name="login" time="0.002"/>
  <testcase classname="TestNg.Test1" name="Home_Ebay" time="6.202"/>
  <testcase classname="TestNg.testcases" name="Username" time="0.002"/>
  <testcase classname="TestNg.testcases" name="Password" time="0.001"/>
  <testcase classname="TestNg.Test1" name="Search" time="3.611"/>
  <testcase classname="TestNg.Test1" name="SelectItem" time="0.387"/>
  <testcase classname="TestNg.Test1" name="ClickItem" time="8.225"/>
</testsuite> <!-- Test1 -->
